<?xml version="1.0" encoding="UTF-8"?>
<testsuite name="GigasecondTest" tests="5" skipped="0" failures="0" errors="0" timestamp="2017-08-16T02:51:54" hostname="macbook-ericb.local" time="0.012">
  <properties/>
  <testcase name="withFullTimeSpecified" classname="GigasecondTest" time="0.006"/>
  <testcase name="modernTime" classname="GigasecondTest" time="0.005"/>
  <testcase name="beforeEpochTime" classname="GigasecondTest" time="0.0"/>
  <testcase name="afterEpochTime" classname="GigasecondTest" time="0.0"/>
  <testcase name="withFullTimeSpecifiedAndDayRollover" classname="GigasecondTest" time="0.0"/>
  <system-out><![CDATA[]]></system-out>
  <system-err><![CDATA[]]></system-err>
</testsuite>
