<?xml version="1.0" encoding="UTF-8"?>
<testsuite name="ScrabbleScoreTest" tests="11" skipped="0" failures="0" errors="0" timestamp="2017-11-16T04:23:34" hostname="macbook-ericb.local" time="0.006">
  <properties/>
  <testcase name="test[0: expected scrabble score for &quot;a&quot; to be 1]" classname="ScrabbleScoreTest" time="0.001"/>
  <testcase name="test[1: expected scrabble score for &quot;A&quot; to be 1]" classname="ScrabbleScoreTest" time="0.001"/>
  <testcase name="test[2: expected scrabble score for &quot;f&quot; to be 4]" classname="ScrabbleScoreTest" time="0.0"/>
  <testcase name="test[3: expected scrabble score for &quot;at&quot; to be 2]" classname="ScrabbleScoreTest" time="0.001"/>
  <testcase name="test[4: expected scrabble score for &quot;zoo&quot; to be 12]" classname="ScrabbleScoreTest" time="0.0"/>
  <testcase name="test[5: expected scrabble score for &quot;street&quot; to be 6]" classname="ScrabbleScoreTest" time="0.0"/>
  <testcase name="test[6: expected scrabble score for &quot;quirky&quot; to be 22]" classname="ScrabbleScoreTest" time="0.0"/>
  <testcase name="test[7: expected scrabble score for &quot;OxyphenButazone&quot; to be 41]" classname="ScrabbleScoreTest" time="0.0"/>
  <testcase name="test[8: expected scrabble score for &quot;pinata&quot; to be 8]" classname="ScrabbleScoreTest" time="0.0"/>
  <testcase name="test[9: expected scrabble score for &quot;&quot; to be 0]" classname="ScrabbleScoreTest" time="0.0"/>
  <testcase name="test[10: expected scrabble score for &quot;abcdefghijklmnopqrstuvwxyz&quot; to be 87]" classname="ScrabbleScoreTest" time="0.001"/>
  <system-out><![CDATA[]]></system-out>
  <system-err><![CDATA[]]></system-err>
</testsuite>
