<?xml version="1.0" encoding="UTF-8"?>
<testsuite name="IsbnVerifierTest" tests="14" skipped="0" failures="0" errors="0" timestamp="2017-11-27T02:40:37" hostname="macbook-ericb.local" time="0.006">
  <properties/>
  <testcase name="isbnWithoutCheckDigit" classname="IsbnVerifierTest" time="0.001"/>
  <testcase name="invalidCharacterInIsbn" classname="IsbnVerifierTest" time="0.001"/>
  <testcase name="validIsbnNumberWithCheckDigitOfTen" classname="IsbnVerifierTest" time="0.0"/>
  <testcase name="IsbnCheck" classname="IsbnVerifierTest" time="0.0"/>
  <testcase name="checkDigitIsACharacterOtherThanX" classname="IsbnVerifierTest" time="0.0"/>
  <testcase name="tooLongIsbnAndNoDashes" classname="IsbnVerifierTest" time="0.0"/>
  <testcase name="xIsOnlyValidAsACheckDigit" classname="IsbnVerifierTest" time="0.001"/>
  <testcase name="isbnWithoutSeparatingDashesAndXAsCheckDigit" classname="IsbnVerifierTest" time="0.0"/>
  <testcase name="tooLongIsbn" classname="IsbnVerifierTest" time="0.0"/>
  <testcase name="validIsbnNumber" classname="IsbnVerifierTest" time="0.0"/>
  <testcase name="isbnWithoutCheckDigitAndDashes" classname="IsbnVerifierTest" time="0.0"/>
  <testcase name="validIsbnWithoutSeparatingDashes" classname="IsbnVerifierTest" time="0.0"/>
  <testcase name="checkDigitOfXShouldNotBeUsedForZero" classname="IsbnVerifierTest" time="0.001"/>
  <testcase name="invalidIsbnCheckDigit" classname="IsbnVerifierTest" time="0.0"/>
  <system-out><![CDATA[]]></system-out>
  <system-err><![CDATA[]]></system-err>
</testsuite>
