<?xml version="1.0" encoding="UTF-8"?>
<testsuite name="TwoferTest" tests="3" skipped="0" failures="0" errors="0" timestamp="2017-07-12T08:35:17" hostname="macbook-ericb.local" time="0.002">
  <properties/>
  <testcase name="noNameGiven" classname="TwoferTest" time="0.001"/>
  <testcase name="aNameGiven" classname="TwoferTest" time="0.001"/>
  <testcase name="anotherNameGiven" classname="TwoferTest" time="0.0"/>
  <system-out><![CDATA[]]></system-out>
  <system-err><![CDATA[]]></system-err>
</testsuite>
